Determining if the pthread_create exist failed with the following output:
Change Dir: /home/odroid/catkin_ws/src/roscopter/build/CMakeFiles/CMakeTmp

Run Build Command:/usr/bin/make "cmTryCompileExec3872013374/fast"
make[1]: Entering directory `/home/odroid/catkin_ws/src/roscopter/build/CMakeFiles/CMakeTmp'
/usr/bin/make -f CMakeFiles/cmTryCompileExec3872013374.dir/build.make CMakeFiles/cmTryCompileExec3872013374.dir/build
make[2]: Entering directory `/home/odroid/catkin_ws/src/roscopter/build/CMakeFiles/CMakeTmp'
/usr/bin/cmake -E cmake_progress_report /home/odroid/catkin_ws/src/roscopter/build/CMakeFiles/CMakeTmp/CMakeFiles 1
Building C object CMakeFiles/cmTryCompileExec3872013374.dir/CheckSymbolExists.c.o
/usr/bin/cc    -o CMakeFiles/cmTryCompileExec3872013374.dir/CheckSymbolExists.c.o   -c /home/odroid/catkin_ws/src/roscopter/build/CMakeFiles/CMakeTmp/CheckSymbolExists.c
Linking C executable cmTryCompileExec3872013374
/usr/bin/cmake -E cmake_link_script CMakeFiles/cmTryCompileExec3872013374.dir/link.txt --verbose=1
/usr/bin/cc       CMakeFiles/cmTryCompileExec3872013374.dir/CheckSymbolExists.c.o  -o cmTryCompileExec3872013374 -rdynamic 
CMakeFiles/cmTryCompileExec3872013374.dir/CheckSymbolExists.c.o: In function `main':
CheckSymbolExists.c:(.text+0xe): undefined reference to `pthread_create'
CheckSymbolExists.c:(.text+0x12): undefined reference to `pthread_create'
collect2: error: ld returned 1 exit status
make[2]: *** [cmTryCompileExec3872013374] Error 1
make[2]: Leaving directory `/home/odroid/catkin_ws/src/roscopter/build/CMakeFiles/CMakeTmp'
make[1]: *** [cmTryCompileExec3872013374/fast] Error 2
make[1]: Leaving directory `/home/odroid/catkin_ws/src/roscopter/build/CMakeFiles/CMakeTmp'

File /home/odroid/catkin_ws/src/roscopter/build/CMakeFiles/CMakeTmp/CheckSymbolExists.c:
/* */
#include <pthread.h>

int main(int argc, char** argv)
{
  (void)argv;
#ifndef pthread_create
  return ((int*)(&pthread_create))[argc];
#else
  (void)argc;
  return 0;
#endif
}

Determining if the function pthread_create exists in the pthreads failed with the following output:
Change Dir: /home/odroid/catkin_ws/src/roscopter/build/CMakeFiles/CMakeTmp

Run Build Command:/usr/bin/make "cmTryCompileExec3065360284/fast"
make[1]: Entering directory `/home/odroid/catkin_ws/src/roscopter/build/CMakeFiles/CMakeTmp'
/usr/bin/make -f CMakeFiles/cmTryCompileExec3065360284.dir/build.make CMakeFiles/cmTryCompileExec3065360284.dir/build
make[2]: Entering directory `/home/odroid/catkin_ws/src/roscopter/build/CMakeFiles/CMakeTmp'
/usr/bin/cmake -E cmake_progress_report /home/odroid/catkin_ws/src/roscopter/build/CMakeFiles/CMakeTmp/CMakeFiles 1
Building C object CMakeFiles/cmTryCompileExec3065360284.dir/CheckFunctionExists.c.o
/usr/bin/cc   -DCHECK_FUNCTION_EXISTS=pthread_create   -o CMakeFiles/cmTryCompileExec3065360284.dir/CheckFunctionExists.c.o   -c /usr/share/cmake-2.8/Modules/CheckFunctionExists.c
Linking C executable cmTryCompileExec3065360284
/usr/bin/cmake -E cmake_link_script CMakeFiles/cmTryCompileExec3065360284.dir/link.txt --verbose=1
/usr/bin/cc   -DCHECK_FUNCTION_EXISTS=pthread_create    CMakeFiles/cmTryCompileExec3065360284.dir/CheckFunctionExists.c.o  -o cmTryCompileExec3065360284 -rdynamic -lpthreads 
/usr/bin/ld.bfd.real: cannot find -lpthreads
collect2: error: ld returned 1 exit status
make[2]: *** [cmTryCompileExec3065360284] Error 1
make[2]: Leaving directory `/home/odroid/catkin_ws/src/roscopter/build/CMakeFiles/CMakeTmp'
make[1]: *** [cmTryCompileExec3065360284/fast] Error 2
make[1]: Leaving directory `/home/odroid/catkin_ws/src/roscopter/build/CMakeFiles/CMakeTmp'


