The system is: Linux - 3.8.13.26 - armv7l
Compiling the C compiler identification source file "CMakeCCompilerId.c" succeeded.
Compiler: /usr/bin/cc 
Build flags: 
Id flags: 

The output was:
0


Compilation of the C compiler identification source "CMakeCCompilerId.c" produced "a.out"

The C compiler identification is GNU, found in "/home/odroid/catkin_ws/build/CMakeFiles/2.8.12.2/CompilerIdC/a.out"

Compiling the CXX compiler identification source file "CMakeCXXCompilerId.cpp" succeeded.
Compiler: /usr/bin/c++ 
Build flags: 
Id flags: 

The output was:
0


Compilation of the CXX compiler identification source "CMakeCXXCompilerId.cpp" produced "a.out"

The CXX compiler identification is GNU, found in "/home/odroid/catkin_ws/build/CMakeFiles/2.8.12.2/CompilerIdCXX/a.out"

Determining if the C compiler works passed with the following output:
Change Dir: /home/odroid/catkin_ws/build/CMakeFiles/CMakeTmp

Run Build Command:/usr/bin/make "cmTryCompileExec152145999/fast"
/usr/bin/make -f CMakeFiles/cmTryCompileExec152145999.dir/build.make CMakeFiles/cmTryCompileExec152145999.dir/build
make[1]: Entering directory `/home/odroid/catkin_ws/build/CMakeFiles/CMakeTmp'
/usr/bin/cmake -E cmake_progress_report /home/odroid/catkin_ws/build/CMakeFiles/CMakeTmp/CMakeFiles 1
Building C object CMakeFiles/cmTryCompileExec152145999.dir/testCCompiler.c.o
/usr/bin/cc    -o CMakeFiles/cmTryCompileExec152145999.dir/testCCompiler.c.o   -c /home/odroid/catkin_ws/build/CMakeFiles/CMakeTmp/testCCompiler.c
Linking C executable cmTryCompileExec152145999
/usr/bin/cmake -E cmake_link_script CMakeFiles/cmTryCompileExec152145999.dir/link.txt --verbose=1
/usr/bin/cc       CMakeFiles/cmTryCompileExec152145999.dir/testCCompiler.c.o  -o cmTryCompileExec152145999 -rdynamic 
make[1]: Leaving directory `/home/odroid/catkin_ws/build/CMakeFiles/CMakeTmp'


Detecting C compiler ABI info compiled with the following output:
Change Dir: /home/odroid/catkin_ws/build/CMakeFiles/CMakeTmp

Run Build Command:/usr/bin/make "cmTryCompileExec3348171287/fast"
/usr/bin/make -f CMakeFiles/cmTryCompileExec3348171287.dir/build.make CMakeFiles/cmTryCompileExec3348171287.dir/build
make[1]: Entering directory `/home/odroid/catkin_ws/build/CMakeFiles/CMakeTmp'
make[1]: Warning: File `/usr/share/cmake-2.8/Modules/CMakeCCompilerABI.c' has modification time 4.4e+08 s in the future
/usr/bin/cmake -E cmake_progress_report /home/odroid/catkin_ws/build/CMakeFiles/CMakeTmp/CMakeFiles 1
Building C object CMakeFiles/cmTryCompileExec3348171287.dir/CMakeCCompilerABI.c.o
/usr/bin/cc    -o CMakeFiles/cmTryCompileExec3348171287.dir/CMakeCCompilerABI.c.o   -c /usr/share/cmake-2.8/Modules/CMakeCCompilerABI.c
Linking C executable cmTryCompileExec3348171287
/usr/bin/cmake -E cmake_link_script CMakeFiles/cmTryCompileExec3348171287.dir/link.txt --verbose=1
/usr/bin/cc     -v CMakeFiles/cmTryCompileExec3348171287.dir/CMakeCCompilerABI.c.o  -o cmTryCompileExec3348171287 -rdynamic  
Using built-in specs.
COLLECT_GCC=/usr/bin/gcc-4.8.real
COLLECT_LTO_WRAPPER=/usr/lib/gcc/arm-linux-gnueabihf/4.8/lto-wrapper
Target: arm-linux-gnueabihf
Configured with: ../src/configure -v --with-pkgversion='Ubuntu/Linaro 4.8.2-19ubuntu1' --with-bugurl=file:///usr/share/doc/gcc-4.8/README.Bugs --enable-languages=c,c++,java,go,d,fortran,objc,obj-c++ --prefix=/usr --program-suffix=-4.8 --enable-shared --enable-linker-build-id --libexecdir=/usr/lib --without-included-gettext --enable-threads=posix --with-gxx-include-dir=/usr/include/c++/4.8 --libdir=/usr/lib --enable-nls --with-sysroot=/ --enable-clocale=gnu --enable-libstdcxx-debug --enable-libstdcxx-time=yes --enable-gnu-unique-object --disable-libmudflap --disable-libitm --disable-libquadmath --enable-plugin --with-system-zlib --disable-browser-plugin --enable-java-awt=gtk --enable-gtk-cairo --with-java-home=/usr/lib/jvm/java-1.5.0-gcj-4.8-armhf/jre --enable-java-home --with-jvm-root-dir=/usr/lib/jvm/java-1.5.0-gcj-4.8-armhf --with-jvm-jar-dir=/usr/lib/jvm-exports/java-1.5.0-gcj-4.8-armhf --with-arch-directory=arm --with-ecj-jar=/usr/share/java/eclipse-ecj.jar --enable-objc-gc --enable-multiarch --enable-multilib --disable-sjlj-exceptions --with-arch=armv7-a --with-fpu=vfpv3-d16 --with-float=hard --with-mode=thumb --disable-werror --enable-checking=release --build=arm-linux-gnueabihf --host=arm-linux-gnueabihf --target=arm-linux-gnueabihf
Thread model: posix
gcc version 4.8.2 (Ubuntu/Linaro 4.8.2-19ubuntu1) 
COMPILER_PATH=/usr/lib/gcc/arm-linux-gnueabihf/4.8/:/usr/lib/gcc/arm-linux-gnueabihf/4.8/:/usr/lib/gcc/arm-linux-gnueabihf/:/usr/lib/gcc/arm-linux-gnueabihf/4.8/:/usr/lib/gcc/arm-linux-gnueabihf/
LIBRARY_PATH=/usr/lib/gcc/arm-linux-gnueabihf/4.8/:/usr/lib/gcc/arm-linux-gnueabihf/4.8/../../../arm-linux-gnueabihf/:/usr/lib/gcc/arm-linux-gnueabihf/4.8/../../../../lib/:/lib/arm-linux-gnueabihf/:/lib/../lib/:/usr/lib/arm-linux-gnueabihf/:/usr/lib/../lib/:/usr/lib/gcc/arm-linux-gnueabihf/4.8/../../../:/lib/:/usr/lib/
COLLECT_GCC_OPTIONS='-v' '-o' 'cmTryCompileExec3348171287' '-rdynamic' '-march=armv7-a' '-mfloat-abi=hard' '-mfpu=vfpv3-d16' '-mthumb' '-mtls-dialect=gnu'
 /usr/lib/gcc/arm-linux-gnueabihf/4.8/collect2 --sysroot=/ --build-id --eh-frame-hdr -export-dynamic -dynamic-linker /lib/ld-linux-armhf.so.3 -X --hash-style=gnu --as-needed -m armelf_linux_eabi -z relro -o cmTryCompileExec3348171287 /usr/lib/gcc/arm-linux-gnueabihf/4.8/../../../arm-linux-gnueabihf/crt1.o /usr/lib/gcc/arm-linux-gnueabihf/4.8/../../../arm-linux-gnueabihf/crti.o /usr/lib/gcc/arm-linux-gnueabihf/4.8/crtbegin.o -L/usr/lib/gcc/arm-linux-gnueabihf/4.8 -L/usr/lib/gcc/arm-linux-gnueabihf/4.8/../../../arm-linux-gnueabihf -L/usr/lib/gcc/arm-linux-gnueabihf/4.8/../../../../lib -L/lib/arm-linux-gnueabihf -L/lib/../lib -L/usr/lib/arm-linux-gnueabihf -L/usr/lib/../lib -L/usr/lib/gcc/arm-linux-gnueabihf/4.8/../../.. CMakeFiles/cmTryCompileExec3348171287.dir/CMakeCCompilerABI.c.o -lgcc --as-needed -lgcc_s --no-as-needed -lc -lgcc --as-needed -lgcc_s --no-as-needed /usr/lib/gcc/arm-linux-gnueabihf/4.8/crtend.o /usr/lib/gcc/arm-linux-gnueabihf/4.8/../../../arm-linux-gnueabihf/crtn.o
make[1]: warning:  Clock skew detected.  Your build may be incomplete.
make[1]: Leaving directory `/home/odroid/catkin_ws/build/CMakeFiles/CMakeTmp'


Parsed C implicit link information from above output:
  link line regex: [^( *|.*[/\])(ld|([^/\]+-)?ld|collect2)[^/\]*( |$)]
  ignore line: [Change Dir: /home/odroid/catkin_ws/build/CMakeFiles/CMakeTmp]
  ignore line: []
  ignore line: [Run Build Command:/usr/bin/make "cmTryCompileExec3348171287/fast"]
  ignore line: [/usr/bin/make -f CMakeFiles/cmTryCompileExec3348171287.dir/build.make CMakeFiles/cmTryCompileExec3348171287.dir/build]
  ignore line: [make[1]: Entering directory `/home/odroid/catkin_ws/build/CMakeFiles/CMakeTmp']
  ignore line: [make[1]: Warning: File `/usr/share/cmake-2.8/Modules/CMakeCCompilerABI.c' has modification time 4.4e+08 s in the future]
  ignore line: [/usr/bin/cmake -E cmake_progress_report /home/odroid/catkin_ws/build/CMakeFiles/CMakeTmp/CMakeFiles 1]
  ignore line: [Building C object CMakeFiles/cmTryCompileExec3348171287.dir/CMakeCCompilerABI.c.o]
  ignore line: [/usr/bin/cc    -o CMakeFiles/cmTryCompileExec3348171287.dir/CMakeCCompilerABI.c.o   -c /usr/share/cmake-2.8/Modules/CMakeCCompilerABI.c]
  ignore line: [Linking C executable cmTryCompileExec3348171287]
  ignore line: [/usr/bin/cmake -E cmake_link_script CMakeFiles/cmTryCompileExec3348171287.dir/link.txt --verbose=1]
  ignore line: [/usr/bin/cc     -v CMakeFiles/cmTryCompileExec3348171287.dir/CMakeCCompilerABI.c.o  -o cmTryCompileExec3348171287 -rdynamic  ]
  ignore line: [Using built-in specs.]
  ignore line: [COLLECT_GCC=/usr/bin/gcc-4.8.real]
  ignore line: [COLLECT_LTO_WRAPPER=/usr/lib/gcc/arm-linux-gnueabihf/4.8/lto-wrapper]
  ignore line: [Target: arm-linux-gnueabihf]
  ignore line: [Configured with: ../src/configure -v --with-pkgversion='Ubuntu/Linaro 4.8.2-19ubuntu1' --with-bugurl=file:///usr/share/doc/gcc-4.8/README.Bugs --enable-languages=c,c++,java,go,d,fortran,objc,obj-c++ --prefix=/usr --program-suffix=-4.8 --enable-shared --enable-linker-build-id --libexecdir=/usr/lib --without-included-gettext --enable-threads=posix --with-gxx-include-dir=/usr/include/c++/4.8 --libdir=/usr/lib --enable-nls --with-sysroot=/ --enable-clocale=gnu --enable-libstdcxx-debug --enable-libstdcxx-time=yes --enable-gnu-unique-object --disable-libmudflap --disable-libitm --disable-libquadmath --enable-plugin --with-system-zlib --disable-browser-plugin --enable-java-awt=gtk --enable-gtk-cairo --with-java-home=/usr/lib/jvm/java-1.5.0-gcj-4.8-armhf/jre --enable-java-home --with-jvm-root-dir=/usr/lib/jvm/java-1.5.0-gcj-4.8-armhf --with-jvm-jar-dir=/usr/lib/jvm-exports/java-1.5.0-gcj-4.8-armhf --with-arch-directory=arm --with-ecj-jar=/usr/share/java/eclipse-ecj.jar --enable-objc-gc --enable-multiarch --enable-multilib --disable-sjlj-exceptions --with-arch=armv7-a --with-fpu=vfpv3-d16 --with-float=hard --with-mode=thumb --disable-werror --enable-checking=release --build=arm-linux-gnueabihf --host=arm-linux-gnueabihf --target=arm-linux-gnueabihf]
  ignore line: [Thread model: posix]
  ignore line: [gcc version 4.8.2 (Ubuntu/Linaro 4.8.2-19ubuntu1) ]
  ignore line: [COMPILER_PATH=/usr/lib/gcc/arm-linux-gnueabihf/4.8/:/usr/lib/gcc/arm-linux-gnueabihf/4.8/:/usr/lib/gcc/arm-linux-gnueabihf/:/usr/lib/gcc/arm-linux-gnueabihf/4.8/:/usr/lib/gcc/arm-linux-gnueabihf/]
  ignore line: [LIBRARY_PATH=/usr/lib/gcc/arm-linux-gnueabihf/4.8/:/usr/lib/gcc/arm-linux-gnueabihf/4.8/../../../arm-linux-gnueabihf/:/usr/lib/gcc/arm-linux-gnueabihf/4.8/../../../../lib/:/lib/arm-linux-gnueabihf/:/lib/../lib/:/usr/lib/arm-linux-gnueabihf/:/usr/lib/../lib/:/usr/lib/gcc/arm-linux-gnueabihf/4.8/../../../:/lib/:/usr/lib/]
  ignore line: [COLLECT_GCC_OPTIONS='-v' '-o' 'cmTryCompileExec3348171287' '-rdynamic' '-march=armv7-a' '-mfloat-abi=hard' '-mfpu=vfpv3-d16' '-mthumb' '-mtls-dialect=gnu']
  link line: [ /usr/lib/gcc/arm-linux-gnueabihf/4.8/collect2 --sysroot=/ --build-id --eh-frame-hdr -export-dynamic -dynamic-linker /lib/ld-linux-armhf.so.3 -X --hash-style=gnu --as-needed -m armelf_linux_eabi -z relro -o cmTryCompileExec3348171287 /usr/lib/gcc/arm-linux-gnueabihf/4.8/../../../arm-linux-gnueabihf/crt1.o /usr/lib/gcc/arm-linux-gnueabihf/4.8/../../../arm-linux-gnueabihf/crti.o /usr/lib/gcc/arm-linux-gnueabihf/4.8/crtbegin.o -L/usr/lib/gcc/arm-linux-gnueabihf/4.8 -L/usr/lib/gcc/arm-linux-gnueabihf/4.8/../../../arm-linux-gnueabihf -L/usr/lib/gcc/arm-linux-gnueabihf/4.8/../../../../lib -L/lib/arm-linux-gnueabihf -L/lib/../lib -L/usr/lib/arm-linux-gnueabihf -L/usr/lib/../lib -L/usr/lib/gcc/arm-linux-gnueabihf/4.8/../../.. CMakeFiles/cmTryCompileExec3348171287.dir/CMakeCCompilerABI.c.o -lgcc --as-needed -lgcc_s --no-as-needed -lc -lgcc --as-needed -lgcc_s --no-as-needed /usr/lib/gcc/arm-linux-gnueabihf/4.8/crtend.o /usr/lib/gcc/arm-linux-gnueabihf/4.8/../../../arm-linux-gnueabihf/crtn.o]
    arg [/usr/lib/gcc/arm-linux-gnueabihf/4.8/collect2] ==> ignore
    arg [--sysroot=/] ==> ignore
    arg [--build-id] ==> ignore
    arg [--eh-frame-hdr] ==> ignore
    arg [-export-dynamic] ==> ignore
    arg [-dynamic-linker] ==> ignore
    arg [/lib/ld-linux-armhf.so.3] ==> ignore
    arg [-X] ==> ignore
    arg [--hash-style=gnu] ==> ignore
    arg [--as-needed] ==> ignore
    arg [-m] ==> ignore
    arg [armelf_linux_eabi] ==> ignore
    arg [-zrelro] ==> ignore
    arg [-o] ==> ignore
    arg [cmTryCompileExec3348171287] ==> ignore
    arg [/usr/lib/gcc/arm-linux-gnueabihf/4.8/../../../arm-linux-gnueabihf/crt1.o] ==> ignore
    arg [/usr/lib/gcc/arm-linux-gnueabihf/4.8/../../../arm-linux-gnueabihf/crti.o] ==> ignore
    arg [/usr/lib/gcc/arm-linux-gnueabihf/4.8/crtbegin.o] ==> ignore
    arg [-L/usr/lib/gcc/arm-linux-gnueabihf/4.8] ==> dir [/usr/lib/gcc/arm-linux-gnueabihf/4.8]
    arg [-L/usr/lib/gcc/arm-linux-gnueabihf/4.8/../../../arm-linux-gnueabihf] ==> dir [/usr/lib/gcc/arm-linux-gnueabihf/4.8/../../../arm-linux-gnueabihf]
    arg [-L/usr/lib/gcc/arm-linux-gnueabihf/4.8/../../../../lib] ==> dir [/usr/lib/gcc/arm-linux-gnueabihf/4.8/../../../../lib]
    arg [-L/lib/arm-linux-gnueabihf] ==> dir [/lib/arm-linux-gnueabihf]
    arg [-L/lib/../lib] ==> dir [/lib/../lib]
    arg [-L/usr/lib/arm-linux-gnueabihf] ==> dir [/usr/lib/arm-linux-gnueabihf]
    arg [-L/usr/lib/../lib] ==> dir [/usr/lib/../lib]
    arg [-L/usr/lib/gcc/arm-linux-gnueabihf/4.8/../../..] ==> dir [/usr/lib/gcc/arm-linux-gnueabihf/4.8/../../..]
    arg [CMakeFiles/cmTryCompileExec3348171287.dir/CMakeCCompilerABI.c.o] ==> ignore
    arg [-lgcc] ==> lib [gcc]
    arg [--as-needed] ==> ignore
    arg [-lgcc_s] ==> lib [gcc_s]
    arg [--no-as-needed] ==> ignore
    arg [-lc] ==> lib [c]
    arg [-lgcc] ==> lib [gcc]
    arg [--as-needed] ==> ignore
    arg [-lgcc_s] ==> lib [gcc_s]
    arg [--no-as-needed] ==> ignore
    arg [/usr/lib/gcc/arm-linux-gnueabihf/4.8/crtend.o] ==> ignore
    arg [/usr/lib/gcc/arm-linux-gnueabihf/4.8/../../../arm-linux-gnueabihf/crtn.o] ==> ignore
  remove lib [gcc]
  remove lib [gcc_s]
  remove lib [gcc]
  remove lib [gcc_s]
  collapse library dir [/usr/lib/gcc/arm-linux-gnueabihf/4.8] ==> [/usr/lib/gcc/arm-linux-gnueabihf/4.8]
  collapse library dir [/usr/lib/gcc/arm-linux-gnueabihf/4.8/../../../arm-linux-gnueabihf] ==> [/usr/lib/arm-linux-gnueabihf]
  collapse library dir [/usr/lib/gcc/arm-linux-gnueabihf/4.8/../../../../lib] ==> [/usr/lib]
  collapse library dir [/lib/arm-linux-gnueabihf] ==> [/lib/arm-linux-gnueabihf]
  collapse library dir [/lib/../lib] ==> [/lib]
  collapse library dir [/usr/lib/arm-linux-gnueabihf] ==> [/usr/lib/arm-linux-gnueabihf]
  collapse library dir [/usr/lib/../lib] ==> [/usr/lib]
  collapse library dir [/usr/lib/gcc/arm-linux-gnueabihf/4.8/../../..] ==> [/usr/lib]
  implicit libs: [c]
  implicit dirs: [/usr/lib/gcc/arm-linux-gnueabihf/4.8;/usr/lib/arm-linux-gnueabihf;/usr/lib;/lib/arm-linux-gnueabihf;/lib]
  implicit fwks: []


Determining if the CXX compiler works passed with the following output:
Change Dir: /home/odroid/catkin_ws/build/CMakeFiles/CMakeTmp

Run Build Command:/usr/bin/make "cmTryCompileExec233114013/fast"
/usr/bin/make -f CMakeFiles/cmTryCompileExec233114013.dir/build.make CMakeFiles/cmTryCompileExec233114013.dir/build
make[1]: Entering directory `/home/odroid/catkin_ws/build/CMakeFiles/CMakeTmp'
/usr/bin/cmake -E cmake_progress_report /home/odroid/catkin_ws/build/CMakeFiles/CMakeTmp/CMakeFiles 1
Building CXX object CMakeFiles/cmTryCompileExec233114013.dir/testCXXCompiler.cxx.o
/usr/bin/c++     -o CMakeFiles/cmTryCompileExec233114013.dir/testCXXCompiler.cxx.o -c /home/odroid/catkin_ws/build/CMakeFiles/CMakeTmp/testCXXCompiler.cxx
Linking CXX executable cmTryCompileExec233114013
/usr/bin/cmake -E cmake_link_script CMakeFiles/cmTryCompileExec233114013.dir/link.txt --verbose=1
/usr/bin/c++        CMakeFiles/cmTryCompileExec233114013.dir/testCXXCompiler.cxx.o  -o cmTryCompileExec233114013 -rdynamic 
make[1]: Leaving directory `/home/odroid/catkin_ws/build/CMakeFiles/CMakeTmp'


Detecting CXX compiler ABI info compiled with the following output:
Change Dir: /home/odroid/catkin_ws/build/CMakeFiles/CMakeTmp

Run Build Command:/usr/bin/make "cmTryCompileExec3804048778/fast"
/usr/bin/make -f CMakeFiles/cmTryCompileExec3804048778.dir/build.make CMakeFiles/cmTryCompileExec3804048778.dir/build
make[1]: Entering directory `/home/odroid/catkin_ws/build/CMakeFiles/CMakeTmp'
make[1]: Warning: File `/usr/share/cmake-2.8/Modules/CMakeCXXCompilerABI.cpp' has modification time 4.4e+08 s in the future
/usr/bin/cmake -E cmake_progress_report /home/odroid/catkin_ws/build/CMakeFiles/CMakeTmp/CMakeFiles 1
Building CXX object CMakeFiles/cmTryCompileExec3804048778.dir/CMakeCXXCompilerABI.cpp.o
/usr/bin/c++     -o CMakeFiles/cmTryCompileExec3804048778.dir/CMakeCXXCompilerABI.cpp.o -c /usr/share/cmake-2.8/Modules/CMakeCXXCompilerABI.cpp
Linking CXX executable cmTryCompileExec3804048778
/usr/bin/cmake -E cmake_link_script CMakeFiles/cmTryCompileExec3804048778.dir/link.txt --verbose=1
/usr/bin/c++      -v CMakeFiles/cmTryCompileExec3804048778.dir/CMakeCXXCompilerABI.cpp.o  -o cmTryCompileExec3804048778 -rdynamic  
Using built-in specs.
COLLECT_GCC=/usr/bin/g++-4.8.real
COLLECT_LTO_WRAPPER=/usr/lib/gcc/arm-linux-gnueabihf/4.8/lto-wrapper
Target: arm-linux-gnueabihf
Configured with: ../src/configure -v --with-pkgversion='Ubuntu/Linaro 4.8.2-19ubuntu1' --with-bugurl=file:///usr/share/doc/gcc-4.8/README.Bugs --enable-languages=c,c++,java,go,d,fortran,objc,obj-c++ --prefix=/usr --program-suffix=-4.8 --enable-shared --enable-linker-build-id --libexecdir=/usr/lib --without-included-gettext --enable-threads=posix --with-gxx-include-dir=/usr/include/c++/4.8 --libdir=/usr/lib --enable-nls --with-sysroot=/ --enable-clocale=gnu --enable-libstdcxx-debug --enable-libstdcxx-time=yes --enable-gnu-unique-object --disable-libmudflap --disable-libitm --disable-libquadmath --enable-plugin --with-system-zlib --disable-browser-plugin --enable-java-awt=gtk --enable-gtk-cairo --with-java-home=/usr/lib/jvm/java-1.5.0-gcj-4.8-armhf/jre --enable-java-home --with-jvm-root-dir=/usr/lib/jvm/java-1.5.0-gcj-4.8-armhf --with-jvm-jar-dir=/usr/lib/jvm-exports/java-1.5.0-gcj-4.8-armhf --with-arch-directory=arm --with-ecj-jar=/usr/share/java/eclipse-ecj.jar --enable-objc-gc --enable-multiarch --enable-multilib --disable-sjlj-exceptions --with-arch=armv7-a --with-fpu=vfpv3-d16 --with-float=hard --with-mode=thumb --disable-werror --enable-checking=release --build=arm-linux-gnueabihf --host=arm-linux-gnueabihf --target=arm-linux-gnueabihf
Thread model: posix
gcc version 4.8.2 (Ubuntu/Linaro 4.8.2-19ubuntu1) 
COMPILER_PATH=/usr/lib/gcc/arm-linux-gnueabihf/4.8/:/usr/lib/gcc/arm-linux-gnueabihf/4.8/:/usr/lib/gcc/arm-linux-gnueabihf/:/usr/lib/gcc/arm-linux-gnueabihf/4.8/:/usr/lib/gcc/arm-linux-gnueabihf/
LIBRARY_PATH=/usr/lib/gcc/arm-linux-gnueabihf/4.8/:/usr/lib/gcc/arm-linux-gnueabihf/4.8/../../../arm-linux-gnueabihf/:/usr/lib/gcc/arm-linux-gnueabihf/4.8/../../../../lib/:/lib/arm-linux-gnueabihf/:/lib/../lib/:/usr/lib/arm-linux-gnueabihf/:/usr/lib/../lib/:/usr/lib/gcc/arm-linux-gnueabihf/4.8/../../../:/lib/:/usr/lib/
COLLECT_GCC_OPTIONS='-v' '-o' 'cmTryCompileExec3804048778' '-rdynamic' '-shared-libgcc' '-march=armv7-a' '-mfloat-abi=hard' '-mfpu=vfpv3-d16' '-mthumb' '-mtls-dialect=gnu'
 /usr/lib/gcc/arm-linux-gnueabihf/4.8/collect2 --sysroot=/ --build-id --eh-frame-hdr -export-dynamic -dynamic-linker /lib/ld-linux-armhf.so.3 -X --hash-style=gnu --as-needed -m armelf_linux_eabi -z relro -o cmTryCompileExec3804048778 /usr/lib/gcc/arm-linux-gnueabihf/4.8/../../../arm-linux-gnueabihf/crt1.o /usr/lib/gcc/arm-linux-gnueabihf/4.8/../../../arm-linux-gnueabihf/crti.o /usr/lib/gcc/arm-linux-gnueabihf/4.8/crtbegin.o -L/usr/lib/gcc/arm-linux-gnueabihf/4.8 -L/usr/lib/gcc/arm-linux-gnueabihf/4.8/../../../arm-linux-gnueabihf -L/usr/lib/gcc/arm-linux-gnueabihf/4.8/../../../../lib -L/lib/arm-linux-gnueabihf -L/lib/../lib -L/usr/lib/arm-linux-gnueabihf -L/usr/lib/../lib -L/usr/lib/gcc/arm-linux-gnueabihf/4.8/../../.. CMakeFiles/cmTryCompileExec3804048778.dir/CMakeCXXCompilerABI.cpp.o -lstdc++ -lm -lgcc_s -lgcc -lc -lgcc_s -lgcc /usr/lib/gcc/arm-linux-gnueabihf/4.8/crtend.o /usr/lib/gcc/arm-linux-gnueabihf/4.8/../../../arm-linux-gnueabihf/crtn.o
make[1]: warning:  Clock skew detected.  Your build may be incomplete.
make[1]: Leaving directory `/home/odroid/catkin_ws/build/CMakeFiles/CMakeTmp'


Parsed CXX implicit link information from above output:
  link line regex: [^( *|.*[/\])(ld|([^/\]+-)?ld|collect2)[^/\]*( |$)]
  ignore line: [Change Dir: /home/odroid/catkin_ws/build/CMakeFiles/CMakeTmp]
  ignore line: []
  ignore line: [Run Build Command:/usr/bin/make "cmTryCompileExec3804048778/fast"]
  ignore line: [/usr/bin/make -f CMakeFiles/cmTryCompileExec3804048778.dir/build.make CMakeFiles/cmTryCompileExec3804048778.dir/build]
  ignore line: [make[1]: Entering directory `/home/odroid/catkin_ws/build/CMakeFiles/CMakeTmp']
  ignore line: [make[1]: Warning: File `/usr/share/cmake-2.8/Modules/CMakeCXXCompilerABI.cpp' has modification time 4.4e+08 s in the future]
  ignore line: [/usr/bin/cmake -E cmake_progress_report /home/odroid/catkin_ws/build/CMakeFiles/CMakeTmp/CMakeFiles 1]
  ignore line: [Building CXX object CMakeFiles/cmTryCompileExec3804048778.dir/CMakeCXXCompilerABI.cpp.o]
  ignore line: [/usr/bin/c++     -o CMakeFiles/cmTryCompileExec3804048778.dir/CMakeCXXCompilerABI.cpp.o -c /usr/share/cmake-2.8/Modules/CMakeCXXCompilerABI.cpp]
  ignore line: [Linking CXX executable cmTryCompileExec3804048778]
  ignore line: [/usr/bin/cmake -E cmake_link_script CMakeFiles/cmTryCompileExec3804048778.dir/link.txt --verbose=1]
  ignore line: [/usr/bin/c++      -v CMakeFiles/cmTryCompileExec3804048778.dir/CMakeCXXCompilerABI.cpp.o  -o cmTryCompileExec3804048778 -rdynamic  ]
  ignore line: [Using built-in specs.]
  ignore line: [COLLECT_GCC=/usr/bin/g++-4.8.real]
  ignore line: [COLLECT_LTO_WRAPPER=/usr/lib/gcc/arm-linux-gnueabihf/4.8/lto-wrapper]
  ignore line: [Target: arm-linux-gnueabihf]
  ignore line: [Configured with: ../src/configure -v --with-pkgversion='Ubuntu/Linaro 4.8.2-19ubuntu1' --with-bugurl=file:///usr/share/doc/gcc-4.8/README.Bugs --enable-languages=c,c++,java,go,d,fortran,objc,obj-c++ --prefix=/usr --program-suffix=-4.8 --enable-shared --enable-linker-build-id --libexecdir=/usr/lib --without-included-gettext --enable-threads=posix --with-gxx-include-dir=/usr/include/c++/4.8 --libdir=/usr/lib --enable-nls --with-sysroot=/ --enable-clocale=gnu --enable-libstdcxx-debug --enable-libstdcxx-time=yes --enable-gnu-unique-object --disable-libmudflap --disable-libitm --disable-libquadmath --enable-plugin --with-system-zlib --disable-browser-plugin --enable-java-awt=gtk --enable-gtk-cairo --with-java-home=/usr/lib/jvm/java-1.5.0-gcj-4.8-armhf/jre --enable-java-home --with-jvm-root-dir=/usr/lib/jvm/java-1.5.0-gcj-4.8-armhf --with-jvm-jar-dir=/usr/lib/jvm-exports/java-1.5.0-gcj-4.8-armhf --with-arch-directory=arm --with-ecj-jar=/usr/share/java/eclipse-ecj.jar --enable-objc-gc --enable-multiarch --enable-multilib --disable-sjlj-exceptions --with-arch=armv7-a --with-fpu=vfpv3-d16 --with-float=hard --with-mode=thumb --disable-werror --enable-checking=release --build=arm-linux-gnueabihf --host=arm-linux-gnueabihf --target=arm-linux-gnueabihf]
  ignore line: [Thread model: posix]
  ignore line: [gcc version 4.8.2 (Ubuntu/Linaro 4.8.2-19ubuntu1) ]
  ignore line: [COMPILER_PATH=/usr/lib/gcc/arm-linux-gnueabihf/4.8/:/usr/lib/gcc/arm-linux-gnueabihf/4.8/:/usr/lib/gcc/arm-linux-gnueabihf/:/usr/lib/gcc/arm-linux-gnueabihf/4.8/:/usr/lib/gcc/arm-linux-gnueabihf/]
  ignore line: [LIBRARY_PATH=/usr/lib/gcc/arm-linux-gnueabihf/4.8/:/usr/lib/gcc/arm-linux-gnueabihf/4.8/../../../arm-linux-gnueabihf/:/usr/lib/gcc/arm-linux-gnueabihf/4.8/../../../../lib/:/lib/arm-linux-gnueabihf/:/lib/../lib/:/usr/lib/arm-linux-gnueabihf/:/usr/lib/../lib/:/usr/lib/gcc/arm-linux-gnueabihf/4.8/../../../:/lib/:/usr/lib/]
  ignore line: [COLLECT_GCC_OPTIONS='-v' '-o' 'cmTryCompileExec3804048778' '-rdynamic' '-shared-libgcc' '-march=armv7-a' '-mfloat-abi=hard' '-mfpu=vfpv3-d16' '-mthumb' '-mtls-dialect=gnu']
  link line: [ /usr/lib/gcc/arm-linux-gnueabihf/4.8/collect2 --sysroot=/ --build-id --eh-frame-hdr -export-dynamic -dynamic-linker /lib/ld-linux-armhf.so.3 -X --hash-style=gnu --as-needed -m armelf_linux_eabi -z relro -o cmTryCompileExec3804048778 /usr/lib/gcc/arm-linux-gnueabihf/4.8/../../../arm-linux-gnueabihf/crt1.o /usr/lib/gcc/arm-linux-gnueabihf/4.8/../../../arm-linux-gnueabihf/crti.o /usr/lib/gcc/arm-linux-gnueabihf/4.8/crtbegin.o -L/usr/lib/gcc/arm-linux-gnueabihf/4.8 -L/usr/lib/gcc/arm-linux-gnueabihf/4.8/../../../arm-linux-gnueabihf -L/usr/lib/gcc/arm-linux-gnueabihf/4.8/../../../../lib -L/lib/arm-linux-gnueabihf -L/lib/../lib -L/usr/lib/arm-linux-gnueabihf -L/usr/lib/../lib -L/usr/lib/gcc/arm-linux-gnueabihf/4.8/../../.. CMakeFiles/cmTryCompileExec3804048778.dir/CMakeCXXCompilerABI.cpp.o -lstdc++ -lm -lgcc_s -lgcc -lc -lgcc_s -lgcc /usr/lib/gcc/arm-linux-gnueabihf/4.8/crtend.o /usr/lib/gcc/arm-linux-gnueabihf/4.8/../../../arm-linux-gnueabihf/crtn.o]
    arg [/usr/lib/gcc/arm-linux-gnueabihf/4.8/collect2] ==> ignore
    arg [--sysroot=/] ==> ignore
    arg [--build-id] ==> ignore
    arg [--eh-frame-hdr] ==> ignore
    arg [-export-dynamic] ==> ignore
    arg [-dynamic-linker] ==> ignore
    arg [/lib/ld-linux-armhf.so.3] ==> ignore
    arg [-X] ==> ignore
    arg [--hash-style=gnu] ==> ignore
    arg [--as-needed] ==> ignore
    arg [-m] ==> ignore
    arg [armelf_linux_eabi] ==> ignore
    arg [-zrelro] ==> ignore
    arg [-o] ==> ignore
    arg [cmTryCompileExec3804048778] ==> ignore
    arg [/usr/lib/gcc/arm-linux-gnueabihf/4.8/../../../arm-linux-gnueabihf/crt1.o] ==> ignore
    arg [/usr/lib/gcc/arm-linux-gnueabihf/4.8/../../../arm-linux-gnueabihf/crti.o] ==> ignore
    arg [/usr/lib/gcc/arm-linux-gnueabihf/4.8/crtbegin.o] ==> ignore
    arg [-L/usr/lib/gcc/arm-linux-gnueabihf/4.8] ==> dir [/usr/lib/gcc/arm-linux-gnueabihf/4.8]
    arg [-L/usr/lib/gcc/arm-linux-gnueabihf/4.8/../../../arm-linux-gnueabihf] ==> dir [/usr/lib/gcc/arm-linux-gnueabihf/4.8/../../../arm-linux-gnueabihf]
    arg [-L/usr/lib/gcc/arm-linux-gnueabihf/4.8/../../../../lib] ==> dir [/usr/lib/gcc/arm-linux-gnueabihf/4.8/../../../../lib]
    arg [-L/lib/arm-linux-gnueabihf] ==> dir [/lib/arm-linux-gnueabihf]
    arg [-L/lib/../lib] ==> dir [/lib/../lib]
    arg [-L/usr/lib/arm-linux-gnueabihf] ==> dir [/usr/lib/arm-linux-gnueabihf]
    arg [-L/usr/lib/../lib] ==> dir [/usr/lib/../lib]
    arg [-L/usr/lib/gcc/arm-linux-gnueabihf/4.8/../../..] ==> dir [/usr/lib/gcc/arm-linux-gnueabihf/4.8/../../..]
    arg [CMakeFiles/cmTryCompileExec3804048778.dir/CMakeCXXCompilerABI.cpp.o] ==> ignore
    arg [-lstdc++] ==> lib [stdc++]
    arg [-lm] ==> lib [m]
    arg [-lgcc_s] ==> lib [gcc_s]
    arg [-lgcc] ==> lib [gcc]
    arg [-lc] ==> lib [c]
    arg [-lgcc_s] ==> lib [gcc_s]
    arg [-lgcc] ==> lib [gcc]
    arg [/usr/lib/gcc/arm-linux-gnueabihf/4.8/crtend.o] ==> ignore
    arg [/usr/lib/gcc/arm-linux-gnueabihf/4.8/../../../arm-linux-gnueabihf/crtn.o] ==> ignore
  remove lib [gcc_s]
  remove lib [gcc]
  remove lib [gcc_s]
  remove lib [gcc]
  collapse library dir [/usr/lib/gcc/arm-linux-gnueabihf/4.8] ==> [/usr/lib/gcc/arm-linux-gnueabihf/4.8]
  collapse library dir [/usr/lib/gcc/arm-linux-gnueabihf/4.8/../../../arm-linux-gnueabihf] ==> [/usr/lib/arm-linux-gnueabihf]
  collapse library dir [/usr/lib/gcc/arm-linux-gnueabihf/4.8/../../../../lib] ==> [/usr/lib]
  collapse library dir [/lib/arm-linux-gnueabihf] ==> [/lib/arm-linux-gnueabihf]
  collapse library dir [/lib/../lib] ==> [/lib]
  collapse library dir [/usr/lib/arm-linux-gnueabihf] ==> [/usr/lib/arm-linux-gnueabihf]
  collapse library dir [/usr/lib/../lib] ==> [/usr/lib]
  collapse library dir [/usr/lib/gcc/arm-linux-gnueabihf/4.8/../../..] ==> [/usr/lib]
  implicit libs: [stdc++;m;c]
  implicit dirs: [/usr/lib/gcc/arm-linux-gnueabihf/4.8;/usr/lib/arm-linux-gnueabihf;/usr/lib;/lib/arm-linux-gnueabihf;/lib]
  implicit fwks: []


Determining if files pthread.h exist passed with the following output:
Change Dir: /home/odroid/catkin_ws/build/CMakeFiles/CMakeTmp

Run Build Command:/usr/bin/make "cmTryCompileExec2186288359/fast"
/usr/bin/make -f CMakeFiles/cmTryCompileExec2186288359.dir/build.make CMakeFiles/cmTryCompileExec2186288359.dir/build
make[1]: Entering directory `/home/odroid/catkin_ws/build/CMakeFiles/CMakeTmp'
/usr/bin/cmake -E cmake_progress_report /home/odroid/catkin_ws/build/CMakeFiles/CMakeTmp/CMakeFiles 1
Building C object CMakeFiles/cmTryCompileExec2186288359.dir/CheckIncludeFiles.c.o
/usr/bin/cc    -o CMakeFiles/cmTryCompileExec2186288359.dir/CheckIncludeFiles.c.o   -c /home/odroid/catkin_ws/build/CMakeFiles/CMakeTmp/CheckIncludeFiles.c
Linking C executable cmTryCompileExec2186288359
/usr/bin/cmake -E cmake_link_script CMakeFiles/cmTryCompileExec2186288359.dir/link.txt --verbose=1
/usr/bin/cc       CMakeFiles/cmTryCompileExec2186288359.dir/CheckIncludeFiles.c.o  -o cmTryCompileExec2186288359 -rdynamic 
make[1]: Leaving directory `/home/odroid/catkin_ws/build/CMakeFiles/CMakeTmp'


Determining if the function pthread_create exists in the pthread passed with the following output:
Change Dir: /home/odroid/catkin_ws/build/CMakeFiles/CMakeTmp

Run Build Command:/usr/bin/make "cmTryCompileExec2226870729/fast"
/usr/bin/make -f CMakeFiles/cmTryCompileExec2226870729.dir/build.make CMakeFiles/cmTryCompileExec2226870729.dir/build
make[1]: Entering directory `/home/odroid/catkin_ws/build/CMakeFiles/CMakeTmp'
make[1]: Warning: File `/usr/share/cmake-2.8/Modules/CheckFunctionExists.c' has modification time 4.4e+08 s in the future
/usr/bin/cmake -E cmake_progress_report /home/odroid/catkin_ws/build/CMakeFiles/CMakeTmp/CMakeFiles 1
Building C object CMakeFiles/cmTryCompileExec2226870729.dir/CheckFunctionExists.c.o
/usr/bin/cc   -DCHECK_FUNCTION_EXISTS=pthread_create   -o CMakeFiles/cmTryCompileExec2226870729.dir/CheckFunctionExists.c.o   -c /usr/share/cmake-2.8/Modules/CheckFunctionExists.c
Linking C executable cmTryCompileExec2226870729
/usr/bin/cmake -E cmake_link_script CMakeFiles/cmTryCompileExec2226870729.dir/link.txt --verbose=1
/usr/bin/cc   -DCHECK_FUNCTION_EXISTS=pthread_create    CMakeFiles/cmTryCompileExec2226870729.dir/CheckFunctionExists.c.o  -o cmTryCompileExec2226870729 -rdynamic -lpthread 
make[1]: warning:  Clock skew detected.  Your build may be incomplete.
make[1]: Leaving directory `/home/odroid/catkin_ws/build/CMakeFiles/CMakeTmp'


Performing C++ SOURCE FILE Test COMPILER_SUPPORTS_STD_CXX11 succeded with the following output:
Change Dir: /home/odroid/catkin_ws/build/CMakeFiles/CMakeTmp

Run Build Command:/usr/bin/make "cmTryCompileExec1685460582/fast"
/usr/bin/make -f CMakeFiles/cmTryCompileExec1685460582.dir/build.make CMakeFiles/cmTryCompileExec1685460582.dir/build
make[1]: Entering directory `/home/odroid/catkin_ws/build/CMakeFiles/CMakeTmp'
/usr/bin/cmake -E cmake_progress_report /home/odroid/catkin_ws/build/CMakeFiles/CMakeTmp/CMakeFiles 1
Building CXX object CMakeFiles/cmTryCompileExec1685460582.dir/src.cxx.o
/usr/bin/c++    -DCOMPILER_SUPPORTS_STD_CXX11   -std=c++11 -o CMakeFiles/cmTryCompileExec1685460582.dir/src.cxx.o -c /home/odroid/catkin_ws/build/CMakeFiles/CMakeTmp/src.cxx
Linking CXX executable cmTryCompileExec1685460582
/usr/bin/cmake -E cmake_link_script CMakeFiles/cmTryCompileExec1685460582.dir/link.txt --verbose=1
/usr/bin/c++    -DCOMPILER_SUPPORTS_STD_CXX11    CMakeFiles/cmTryCompileExec1685460582.dir/src.cxx.o  -o cmTryCompileExec1685460582 -rdynamic 
make[1]: Leaving directory `/home/odroid/catkin_ws/build/CMakeFiles/CMakeTmp'

Source file was:
int main() { return 0;}
